# JRE version: OpenJDK Runtime Environment Microsoft-8035246 (17.0.8+7) (build 17.0.8+7-LTS)
# Java VM: OpenJDK 64-Bit Server VM Microsoft-8035246 (17.0.8+7-LTS, mixed mode, sharing, tiered, compressed oops, compressed class ptrs, g1 gc, windows-amd64)
GC Precious Log:
 CPUs: 8 total, 8 available
 Memory: 8071M
 Large Page Support: Disabled
 NUMA Support: Disabled
 Compressed Oops: Enabled (32-bit)
 Heap Region Size: 1M
 Heap Min Capacity: 8M
 Heap Initial Capacity: 128M
 Heap Max Capacity: 2G
 Pre-touch: Disabled
 Parallel Workers: 8
 Concurrent Workers: 2
 Concurrent Refinement Workers: 8
 Periodic GC: Disabled
Heap:
 garbage-first heap   total 245760K, used 146725K [0x0000000080000000, 0x0000000100000000)
  region size 1024K, 6 young (6144K), 3 survivors (3072K)
 Metaspace       used 98149K, committed 99136K, reserved 557056K
  class space    used 13799K, committed 14272K, reserved 425984K
GC Heap History (20 events):
Event: 17.370 GC heap before
{Heap before GC invocations=34 (full 0):
 garbage-first heap   total 198656K, used 163105K [0x0000000080000000, 0x0000000100000000)
  region size 1024K, 52 young (53248K), 3 survivors (3072K)
 Metaspace       used 85162K, committed 86080K, reserved 557056K
  class space    used 11855K, committed 12288K, reserved 425984K
}
Event: 17.375 GC heap after
{Heap after GC invocations=35 (full 0):
 garbage-first heap   total 198656K, used 114953K [0x0000000080000000, 0x0000000100000000)
  region size 1024K, 5 young (5120K), 5 survivors (5120K)
 Metaspace       used 85162K, committed 86080K, reserved 557056K
  class space    used 11855K, committed 12288K, reserved 425984K
}
Event: 17.694 GC heap before
{Heap before GC invocations=35 (full 0):
 garbage-first heap   total 198656K, used 164105K [0x0000000080000000, 0x0000000100000000)
  region size 1024K, 53 young (54272K), 5 survivors (5120K)
 Metaspace       used 85396K, committed 86400K, reserved 557056K
  class space    used 11883K, committed 12352K, reserved 425984K
}
Event: 17.700 GC heap after
{Heap after GC invocations=36 (full 0):
 garbage-first heap   total 198656K, used 118624K [0x0000000080000000, 0x0000000100000000)
  region size 1024K, 6 young (6144K), 6 survivors (6144K)
 Metaspace       used 85396K, committed 86400K, reserved 557056K
  class space    used 11883K, committed 12352K, reserved 425984K
}
Event: 18.201 GC heap before
{Heap before GC invocations=36 (full 0):
 garbage-first heap   total 198656K, used 166752K [0x0000000080000000, 0x0000000100000000)
  region size 1024K, 52 young (53248K), 6 survivors (6144K)
 Metaspace       used 88248K, committed 89216K, reserved 557056K
  class space    used 12276K, committed 12736K, reserved 425984K
}
Event: 18.207 GC heap after
{Heap after GC invocations=37 (full 0):
 garbage-first heap   total 198656K, used 120252K [0x0000000080000000, 0x0000000100000000)
  region size 1024K, 2 young (2048K), 2 survivors (2048K)
 Metaspace       used 88248K, committed 89216K, reserved 557056K
  class space    used 12276K, committed 12736K, reserved 425984K
}
Event: 18.653 GC heap before
{Heap before GC invocations=37 (full 0):
 garbage-first heap   total 198656K, used 167356K [0x0000000080000000, 0x0000000100000000)
  region size 1024K, 48 young (49152K), 2 survivors (2048K)
 Metaspace       used 91295K, committed 92224K, reserved 557056K
  class space    used 12870K, committed 13312K, reserved 425984K
}
Event: 18.657 GC heap after
{Heap after GC invocations=38 (full 0):
 garbage-first heap   total 198656K, used 121396K [0x0000000080000000, 0x0000000100000000)
  region size 1024K, 3 young (3072K), 3 survivors (3072K)
 Metaspace       used 91295K, committed 92224K, reserved 557056K
  class space    used 12870K, committed 13312K, reserved 425984K
}
Event: 19.108 GC heap before
{Heap before GC invocations=38 (full 0):
 garbage-first heap   total 198656K, used 168500K [0x0000000080000000, 0x0000000100000000)
  region size 1024K, 49 young (50176K), 3 survivors (3072K)
 Metaspace       used 94257K, committed 95232K, reserved 557056K
  class space    used 13240K, committed 13696K, reserved 425984K
}
Event: 19.113 GC heap after
{Heap after GC invocations=39 (full 0):
 garbage-first heap   total 198656K, used 122899K [0x0000000080000000, 0x0000000100000000)
  region size 1024K, 5 young (5120K), 5 survivors (5120K)
 Metaspace       used 94257K, committed 95232K, reserved 557056K
  class space    used 13240K, committed 13696K, reserved 425984K
}
Event: 19.556 GC heap before
{Heap before GC invocations=39 (full 0):
 garbage-first heap   total 198656K, used 168979K [0x0000000080000000, 0x0000000100000000)
  region size 1024K, 50 young (51200K), 5 survivors (5120K)
 Metaspace       used 95979K, committed 97024K, reserved 557056K
  class space    used 13472K, committed 13952K, reserved 425984K
}
Event: 19.562 GC heap after
{Heap after GC invocations=40 (full 0):
 garbage-first heap   total 198656K, used 126826K [0x0000000080000000, 0x0000000100000000)
  region size 1024K, 7 young (7168K), 7 survivors (7168K)
 Metaspace       used 95979K, committed 97024K, reserved 557056K
  class space    used 13472K, committed 13952K, reserved 425984K
}
Event: 19.981 GC heap before
{Heap before GC invocations=40 (full 0):
 garbage-first heap   total 198656K, used 169834K [0x0000000080000000, 0x0000000100000000)
  region size 1024K, 49 young (50176K), 7 survivors (7168K)
 Metaspace       used 96844K, committed 97856K, reserved 557056K
  class space    used 13589K, committed 14080K, reserved 425984K
}
Event: 19.989 GC heap after
{Heap after GC invocations=41 (full 0):
 garbage-first heap   total 198656K, used 131316K [0x0000000080000000, 0x0000000100000000)
  region size 1024K, 5 young (5120K), 5 survivors (5120K)
 Metaspace       used 96844K, committed 97856K, reserved 557056K
  class space    used 13589K, committed 14080K, reserved 425984K
}
Event: 20.617 GC heap before
{Heap before GC invocations=41 (full 0):
 garbage-first heap   total 198656K, used 168180K [0x0000000080000000, 0x0000000100000000)
  region size 1024K, 41 young (41984K), 5 survivors (5120K)
 Metaspace       used 98108K, committed 99136K, reserved 557056K
  class space    used 13799K, committed 14272K, reserved 425984K
}
Event: 20.624 GC heap after
{Heap after GC invocations=42 (full 0):
 garbage-first heap   total 198656K, used 137392K [0x0000000080000000, 0x0000000100000000)
  region size 1024K, 6 young (6144K), 6 survivors (6144K)
 Metaspace       used 98108K, committed 99136K, reserved 557056K
  class space    used 13799K, committed 14272K, reserved 425984K
}
Event: 20.770 GC heap before
{Heap before GC invocations=42 (full 0):
 garbage-first heap   total 198656K, used 166064K [0x0000000080000000, 0x0000000100000000)
  region size 1024K, 35 young (35840K), 6 survivors (6144K)
 Metaspace       used 98147K, committed 99136K, reserved 557056K
  class space    used 13799K, committed 14272K, reserved 425984K
}
Event: 20.776 GC heap after
{Heap after GC invocations=43 (full 0):
 garbage-first heap   total 198656K, used 141199K [0x0000000080000000, 0x0000000100000000)
  region size 1024K, 4 young (4096K), 4 survivors (4096K)
 Metaspace       used 98147K, committed 99136K, reserved 557056K
  class space    used 13799K, committed 14272K, reserved 425984K
}
Event: 20.866 GC heap before
{Heap before GC invocations=43 (full 0):
 garbage-first heap   total 198656K, used 167823K [0x0000000080000000, 0x0000000100000000)
  region size 1024K, 31 young (31744K), 4 survivors (4096K)
 Metaspace       used 98149K, committed 99136K, reserved 557056K
  class space    used 13799K, committed 14272K, reserved 425984K
}
Event: 20.870 GC heap after
{Heap after GC invocations=44 (full 0):
 garbage-first heap   total 198656K, used 142423K [0x0000000080000000, 0x0000000100000000)
  region size 1024K, 4 young (4096K), 4 survivors (4096K)
 Metaspace       used 98149K, committed 99136K, reserved 557056K
  class space    used 13799K, committed 14272K, reserved 425984K
}

